#
# A fatal error has been detected by the Java Runtime Environment:
#
#  EXCEPTION_ACCESS_VIOLATION (0xc0000005) at pc=0x00007ffa7fb8886e, pid=13572, tid=12716
#
# JRE version: Java(TM) SE Runtime Environment (16.0.2+7) (build 16.0.2+7-67)
# Java VM: Java HotSpot(TM) 64-Bit Server VM (16.0.2+7-67, mixed mode, sharing, tiered, compressed oops, compressed class ptrs, g1 gc, windows-amd64)
# Problematic frame:
# C  [lwjgl_stb.dll+0x886e]
#
# No core dump will be written. Minidumps are not enabled by default on client versions of Windows
#
# If you would like to submit a bug report, please visit:
#   https://bugreport.java.com/bugreport/crash.jsp
# The crash happened outside the Java Virtual Machine in native code.
# See problematic frame for where to report the bug.
#

---------------  S U M M A R Y ------------

Command Line: -Dfile.encoding=Cp1252 -XX:+ShowCodeDetailsInExceptionMessages com.PlatformerGame.engine.core.App

Host: AMD A10-9600P RADEON R5, 10 COMPUTE CORES 4C+6G, 4 cores, 7G,  Windows 10 , 64 bit Build 19041 (10.0.19041.1202)
Time: Sat Sep 25 20:40:36 2021 Central Daylight Time elapsed time: 2.410410 seconds (0d 0h 0m 2s)

---------------  T H R E A D  ---------------

Current thread (0x0000017a6ff0c590):  JavaThread "main" [_thread_in_native, id=12716, stack(0x00000054f3500000,0x00000054f3600000)]

Stack: [0x00000054f3500000,0x00000054f3600000],  sp=0x00000054f35fec30,  free space=1019k
Native frames: (J=compiled Java code, j=interpreted, Vv=VM code, C=native code)
C  [lwjgl_stb.dll+0x886e]

Java frames: (J=compiled Java code, j=interpreted, Vv=VM code)
j  org.lwjgl.stb.STBImage.nstbi_info_from_memory(JIJJJ)I+0
j  org.lwjgl.stb.STBImage.stbi_info_from_memory(Ljava/nio/ByteBuffer;Ljava/nio/IntBuffer;Ljava/nio/IntBuffer;Ljava/nio/IntBuffer;)Z+41
j  com.PlatformerGame.engine.core.Texture.loadTexture(Ljava/lang/String;)V+65
j  com.PlatformerGame.engine.core.Texture.<init>(Ljava/lang/String;)V+9
j  com.PlatformerGame.engine.core.QuadRendererComponent.<init>(FF)V+36
j  com.PlatformerGame.game.Game.onCreate()V+55
j  com.PlatformerGame.engine.core.App.<init>()V+94
j  com.PlatformerGame.engine.core.App.main([Ljava/lang/String;)V+4
v  ~StubRoutines::call_stub

siginfo: EXCEPTION_ACCESS_VIOLATION (0xc0000005), reading address 0x0000000000000010


Register to memory mapping:

RIP=0x00007ffa7fb8886e lwjgl_stb.dll
RAX=0x0000000000000010 is an unknown value
RBX=0x00000054f35fecb0 is pointing into the stack for thread: 0x0000017a6ff0c590
RCX=0x0000017a145c3020 points into unknown readable memory: 0x00000054f35fecb0 | b0 ec 5f f3 54 00 00 00
RDX=0x0000000000000002 is an unknown value
RSP=0x00000054f35fec30 is pointing into the stack for thread: 0x0000017a6ff0c590
RBP=0x0 is NULL
RSI=0x0000000000000002 is an unknown value
RDI=0x0000017a145c3020 points into unknown readable memory: 0x00000054f35fecb0 | b0 ec 5f f3 54 00 00 00
R8 =0x0000000000000004 is an unknown value
R9 =0x000000000000037f is an unknown value
R10=0x0 is NULL
R11=0x0000017a14326320 points into unknown readable memory: 0x0000017a145c98c0 | c0 98 5c 14 7a 01 00 00
R12=0x0 is NULL
R13={method} {0x0000017a0fb54158} 'nstbi_info_from_memory' '(JIJJJ)I' in 'org/lwjgl/stb/STBImage'
R14=0x00000054f35feeb0 is pointing into the stack for thread: 0x0000017a6ff0c590
R15=0x0000017a6ff0c590 is a thread


Registers:
RAX=0x0000000000000010, RBX=0x00000054f35fecb0, RCX=0x0000017a145c3020, RDX=0x0000000000000002
RSP=0x00000054f35fec30, RBP=0x0000000000000000, RSI=0x0000000000000002, RDI=0x0000017a145c3020
R8 =0x0000000000000004, R9 =0x000000000000037f, R10=0x0000000000000000, R11=0x0000017a14326320
R12=0x0000000000000000, R13=0x0000017a0fb54150, R14=0x00000054f35feeb0, R15=0x0000017a6ff0c590
RIP=0x00007ffa7fb8886e, EFLAGS=0x0000000000010297

Top of Stack: (sp=0x00000054f35fec30)
0x00000054f35fec30:   0000017a0fb54150 0000000000000000
0x00000054f35fec40:   0000017a0ffcfe38 0000017a0ffcfe3c
0x00000054f35fec50:   0000017a145c3020 00007ffa7fb8a1a7
0x00000054f35fec60:   0000017a145c3020 0000000000004888
0x00000054f35fec70:   0000000000000000 0000000000000000
0x00000054f35fec80:   0000017a0ffcfe38 00007ffa7fb95974
0x00000054f35fec90:   0000017a145c3020 0000000000000000
0x00000054f35feca0:   0000017a0ffcfe3c 0000017a0ffd5af0
0x00000054f35fecb0:   000000540000000a 0000000001777575
0x00000054f35fecc0:   0000000000000000 0000017a6ff0c590
0x00000054f35fecd0:   0000000200000009 0000000000000005
0x00000054f35fece0:   0000017a00000000 0000004000000003
0x00000054f35fecf0:   0000017a6ff0c590 00000054f35feeb0
0x00000054f35fed00:   0000000000000000 0000000000000158
0x00000054f35fed10:   0000017a0ffcfe34 0000017a0fb54150
0x00000054f35fed20:   00000054f35fee50 00007ffa50358ab7 

Instructions: (pc=0x00007ffa7fb8886e)
0x00007ffa7fb8876e:   6b c5 66 0f 67 c8 66 0f 6f c2 66 41 0f 60 c4 66
0x00007ffa7fb8877e:   0f 60 e1 66 44 0f 68 c9 66 0f 6f dc 66 0f 60 d8
0x00007ffa7fb8878e:   66 0f 68 e0 66 0f 6f cb 66 41 0f 68 d4 66 41 0f
0x00007ffa7fb8879e:   6f c1 45 0f 28 63 88 66 0f 60 c2 66 0f 60 c8 66
0x00007ffa7fb887ae:   0f d6 09 48 03 c8 66 0f 68 d8 66 44 0f 68 ca 66
0x00007ffa7fb887be:   0f 6f d4 66 41 0f 60 d1 66 41 0f 68 e1 45 0f 28
0x00007ffa7fb887ce:   4b b8 66 0f 70 c1 4e 66 0f d6 01 48 03 c8 66 0f
0x00007ffa7fb887de:   70 c3 4e 66 0f d6 19 48 03 c8 66 0f d6 01 48 03
0x00007ffa7fb887ee:   c8 66 0f 70 c2 4e 66 0f d6 11 48 03 c8 66 0f d6
0x00007ffa7fb887fe:   01 48 03 c8 66 0f 70 c4 4e 66 0f d6 21 66 0f d6
0x00007ffa7fb8880e:   04 08 49 8b e3 c3 cc cc cc cc cc cc cc cc cc cc
0x00007ffa7fb8881e:   cc cc 40 57 48 83 ec 20 0f b6 81 28 48 00 00 48
0x00007ffa7fb8882e:   8b f9 3c ff 74 0d c6 81 28 48 00 00 ff 48 83 c4
0x00007ffa7fb8883e:   20 5f c3 48 89 5c 24 30 48 8b 19 48 8b 83 b8 00
0x00007ffa7fb8884e:   00 00 48 3b 83 c0 00 00 00 72 15 83 7b 30 00 74
0x00007ffa7fb8885e:   79 48 8b cb e8 59 d0 ff ff 48 8b 83 b8 00 00 00
0x00007ffa7fb8886e:   0f b6 08 48 ff c0 48 89 83 b8 00 00 00 80 f9 ff
0x00007ffa7fb8887e:   75 58 48 8b 1f 48 8b 83 b8 00 00 00 48 3b 83 c0
0x00007ffa7fb8888e:   00 00 00 72 15 83 7b 30 00 74 2f 48 8b cb e8 1f
0x00007ffa7fb8889e:   d0 ff ff 48 8b 83 b8 00 00 00 0f b6 08 48 ff c0
0x00007ffa7fb888ae:   48 89 83 b8 00 00 00 80 f9 ff 74 c6 48 8b 5c 24
0x00007ffa7fb888be:   30 0f b6 c1 48 83 c4 20 5f c3 48 8b 5c 24 30 32
0x00007ffa7fb888ce:   c9 0f b6 c1 48 83 c4 20 5f c3 48 8b 5c 24 30 b0
0x00007ffa7fb888de:   ff 48 83 c4 20 5f c3 cc cc cc cc cc cc cc cc cc
0x00007ffa7fb888ee:   cc cc 48 89 5c 24 20 55 56 57 41 54 41 55 41 56
0x00007ffa7fb888fe:   41 57 48 81 ec c0 00 00 00 c7 81 d8 47 00 00 00
0x00007ffa7fb8890e:   00 00 00 48 8b d9 c7 81 78 47 00 00 00 00 00 00
0x00007ffa7fb8891e:   c7 81 18 47 00 00 00 00 00 00 c7 81 b8 46 00 00
0x00007ffa7fb8892e:   00 00 00 00 8b 81 68 48 00 00 85 c0 48 c7 81 20
0x00007ffa7fb8893e:   48 00 00 00 00 00 00 c7 81 2c 48 00 00 00 00 00
0x00007ffa7fb8894e:   00 c6 81 28 48 00 00 ff b9 ff ff ff 7f 0f 45 c8
0x00007ffa7fb8895e:   c7 83 44 48 00 00 00 00 00 00 83 bb 30 48 00 00 


Stack slot to memory mapping:
stack at sp + 0 slots: {method} {0x0000017a0fb54158} 'nstbi_info_from_memory' '(JIJJJ)I' in 'org/lwjgl/stb/STBImage'
stack at sp + 1 slots: 0x0 is NULL
stack at sp + 2 slots: 0x0000017a0ffcfe38 points into unknown readable memory: 0x00000000100b0870 | 70 08 0b 10 00 00 00 00
stack at sp + 3 slots: 0x0000017a0ffcfe3c points into unknown readable memory: 00 00 00 00
stack at sp + 4 slots: 0x0000017a145c3020 points into unknown readable memory: 0x00000054f35fecb0 | b0 ec 5f f3 54 00 00 00
stack at sp + 5 slots: 0x00007ffa7fb8a1a7 lwjgl_stb.dll
stack at sp + 6 slots: 0x0000017a145c3020 points into unknown readable memory: 0x00000054f35fecb0 | b0 ec 5f f3 54 00 00 00
stack at sp + 7 slots: 0x0000000000004888 is an unknown value


---------------  P R O C E S S  ---------------

Threads class SMR info:
_java_thread_list=0x0000017a0fd60b20, length=12, elements={
0x0000017a6ff0c590, 0x0000017a0f23ff30, 0x0000017a0f240bf0, 0x0000017a0f253810,
0x0000017a0f254210, 0x0000017a0f254c10, 0x0000017a0f255610, 0x0000017a0f263e20,
0x0000017a0f264910, 0x0000017a0f279740, 0x0000017a0fd88b60, 0x0000017a0fd89e30
}

Java Threads: ( => current thread )
=>0x0000017a6ff0c590 JavaThread "main" [_thread_in_native, id=12716, stack(0x00000054f3500000,0x00000054f3600000)]
  0x0000017a0f23ff30 JavaThread "Reference Handler" daemon [_thread_blocked, id=4160, stack(0x00000054f3c00000,0x00000054f3d00000)]
  0x0000017a0f240bf0 JavaThread "Finalizer" daemon [_thread_blocked, id=15280, stack(0x00000054f3d00000,0x00000054f3e00000)]
  0x0000017a0f253810 JavaThread "Signal Dispatcher" daemon [_thread_blocked, id=4448, stack(0x00000054f3e00000,0x00000054f3f00000)]
  0x0000017a0f254210 JavaThread "Attach Listener" daemon [_thread_blocked, id=14292, stack(0x00000054f3f00000,0x00000054f4000000)]
  0x0000017a0f254c10 JavaThread "Service Thread" daemon [_thread_blocked, id=6228, stack(0x00000054f4000000,0x00000054f4100000)]
  0x0000017a0f255610 JavaThread "Monitor Deflation Thread" daemon [_thread_blocked, id=12112, stack(0x00000054f4100000,0x00000054f4200000)]
  0x0000017a0f263e20 JavaThread "C2 CompilerThread0" daemon [_thread_blocked, id=9032, stack(0x00000054f4200000,0x00000054f4300000)]
  0x0000017a0f264910 JavaThread "C1 CompilerThread0" daemon [_thread_blocked, id=11344, stack(0x00000054f4300000,0x00000054f4400000)]
  0x0000017a0f279740 JavaThread "Sweeper thread" daemon [_thread_blocked, id=9252, stack(0x00000054f4400000,0x00000054f4500000)]
  0x0000017a0fd88b60 JavaThread "Notification Thread" daemon [_thread_blocked, id=12696, stack(0x00000054f4500000,0x00000054f4600000)]
  0x0000017a0fd89e30 JavaThread "Common-Cleaner" daemon [_thread_blocked, id=4808, stack(0x00000054f4700000,0x00000054f4800000)]

Other Threads:
  0x0000017a0f2363b0 VMThread "VM Thread" [stack: 0x00000054f3b00000,0x00000054f3c00000] [id=4084]
  0x0000017a0fd89590 WatcherThread [stack: 0x00000054f4600000,0x00000054f4700000] [id=6684]
  0x0000017a6ff4b4f0 GCTaskThread "GC Thread#0" [stack: 0x00000054f3600000,0x00000054f3700000] [id=5792]
  0x0000017a0ffb64d0 GCTaskThread "GC Thread#1" [stack: 0x00000054f4b00000,0x00000054f4c00000] [id=7736]
  0x0000017a14328520 GCTaskThread "GC Thread#2" [stack: 0x00000054f4c00000,0x00000054f4d00000] [id=5504]
  0x0000017a1433b850 GCTaskThread "GC Thread#3" [stack: 0x00000054f4d00000,0x00000054f4e00000] [id=14168]
  0x0000017a6ff5bcd0 ConcurrentGCThread "G1 Main Marker" [stack: 0x00000054f3700000,0x00000054f3800000] [id=11904]
  0x0000017a6ff5c7c0 ConcurrentGCThread "G1 Conc#0" [stack: 0x00000054f3800000,0x00000054f3900000] [id=12048]
  0x0000017a6ffcafb0 ConcurrentGCThread "G1 Refine#0" [stack: 0x00000054f3900000,0x00000054f3a00000] [id=11136]
  0x0000017a6ffcba30 ConcurrentGCThread "G1 Service" [stack: 0x00000054f3a00000,0x00000054f3b00000] [id=2368]

Threads with active compile tasks:

VM state: not at safepoint (normal execution)

VM Mutex/Monitor currently owned by a thread: None

Heap address: 0x0000000088800000, size: 1912 MB, Compressed Oops mode: 32-bit

CDS archive(s) mapped at: [0x0000000800000000-0x0000000800bb0000-0x0000000800bb0000), size 12255232, SharedBaseAddress: 0x0000000800000000, ArchiveRelocationMode: 0.
Compressed class space mapped at: 0x0000000800c00000-0x0000000840c00000, reserved size: 1073741824
Narrow klass base: 0x0000000800000000, Narrow klass shift: 3, Narrow klass range: 0x100000000

GC Precious Log:
 CPUs: 4 total, 4 available
 Memory: 7647M
 Large Page Support: Disabled
 NUMA Support: Disabled
 Compressed Oops: Enabled (32-bit)
 Heap Region Size: 1M
 Heap Min Capacity: 8M
 Heap Initial Capacity: 120M
 Heap Max Capacity: 1912M
 Pre-touch: Disabled
 Parallel Workers: 4
 Concurrent Workers: 1
 Concurrent Refinement Workers: 4
 Periodic GC: Disabled

Heap:
 garbage-first heap   total 122880K, used 1744K [0x0000000088800000, 0x0000000100000000)
  region size 1024K, 3 young (3072K), 2 survivors (2048K)
 Metaspace       used 5027K, committed 5184K, reserved 1056768K
  class space    used 243K, committed 320K, reserved 1048576K

Heap Regions: E=young(eden), S=young(survivor), O=old, HS=humongous(starts), HC=humongous(continues), CS=collection set, F=free, OA=open archive, CA=closed archive, TAMS=top-at-mark-start (previous, next)
|   0|0x0000000088800000, 0x0000000088800000, 0x0000000088900000|  0%| F|  |TAMS 0x0000000088800000, 0x0000000088800000| Untracked 
|   1|0x0000000088900000, 0x0000000088900000, 0x0000000088a00000|  0%| F|  |TAMS 0x0000000088900000, 0x0000000088900000| Untracked 
|   2|0x0000000088a00000, 0x0000000088a00000, 0x0000000088b00000|  0%| F|  |TAMS 0x0000000088a00000, 0x0000000088a00000| Untracked 
|   3|0x0000000088b00000, 0x0000000088b00000, 0x0000000088c00000|  0%| F|  |TAMS 0x0000000088b00000, 0x0000000088b00000| Untracked 
|   4|0x0000000088c00000, 0x0000000088c00000, 0x0000000088d00000|  0%| F|  |TAMS 0x0000000088c00000, 0x0000000088c00000| Untracked 
|   5|0x0000000088d00000, 0x0000000088d00000, 0x0000000088e00000|  0%| F|  |TAMS 0x0000000088d00000, 0x0000000088d00000| Untracked 
|   6|0x0000000088e00000, 0x0000000088e00000, 0x0000000088f00000|  0%| F|  |TAMS 0x0000000088e00000, 0x0000000088e00000| Untracked 
|   7|0x0000000088f00000, 0x0000000088f00000, 0x0000000089000000|  0%| F|  |TAMS 0x0000000088f00000, 0x0000000088f00000| Untracked 
|   8|0x0000000089000000, 0x0000000089000000, 0x0000000089100000|  0%| F|  |TAMS 0x0000000089000000, 0x0000000089000000| Untracked 
|   9|0x0000000089100000, 0x0000000089100000, 0x0000000089200000|  0%| F|  |TAMS 0x0000000089100000, 0x0000000089100000| Untracked 
|  10|0x0000000089200000, 0x0000000089200000, 0x0000000089300000|  0%| F|  |TAMS 0x0000000089200000, 0x0000000089200000| Untracked 
|  11|0x0000000089300000, 0x0000000089300000, 0x0000000089400000|  0%| F|  |TAMS 0x0000000089300000, 0x0000000089300000| Untracked 
|  12|0x0000000089400000, 0x0000000089400000, 0x0000000089500000|  0%| F|  |TAMS 0x0000000089400000, 0x0000000089400000| Untracked 
|  13|0x0000000089500000, 0x0000000089500000, 0x0000000089600000|  0%| F|  |TAMS 0x0000000089500000, 0x0000000089500000| Untracked 
|  14|0x0000000089600000, 0x0000000089600000, 0x0000000089700000|  0%| F|  |TAMS 0x0000000089600000, 0x0000000089600000| Untracked 
|  15|0x0000000089700000, 0x0000000089700000, 0x0000000089800000|  0%| F|  |TAMS 0x0000000089700000, 0x0000000089700000| Untracked 
|  16|0x0000000089800000, 0x0000000089800000, 0x0000000089900000|  0%| F|  |TAMS 0x0000000089800000, 0x0000000089800000| Untracked 
|  17|0x0000000089900000, 0x0000000089900000, 0x0000000089a00000|  0%| F|  |TAMS 0x0000000089900000, 0x0000000089900000| Untracked 
|  18|0x0000000089a00000, 0x0000000089a00000, 0x0000000089b00000|  0%| F|  |TAMS 0x0000000089a00000, 0x0000000089a00000| Untracked 
|  19|0x0000000089b00000, 0x0000000089b00000, 0x0000000089c00000|  0%| F|  |TAMS 0x0000000089b00000, 0x0000000089b00000| Untracked 
|  20|0x0000000089c00000, 0x0000000089c00000, 0x0000000089d00000|  0%| F|  |TAMS 0x0000000089c00000, 0x0000000089c00000| Untracked 
|  21|0x0000000089d00000, 0x0000000089d00000, 0x0000000089e00000|  0%| F|  |TAMS 0x0000000089d00000, 0x0000000089d00000| Untracked 
|  22|0x0000000089e00000, 0x0000000089e00000, 0x0000000089f00000|  0%| F|  |TAMS 0x0000000089e00000, 0x0000000089e00000| Untracked 
|  23|0x0000000089f00000, 0x0000000089f00000, 0x000000008a000000|  0%| F|  |TAMS 0x0000000089f00000, 0x0000000089f00000| Untracked 
|  24|0x000000008a000000, 0x000000008a000000, 0x000000008a100000|  0%| F|  |TAMS 0x000000008a000000, 0x000000008a000000| Untracked 
|  25|0x000000008a100000, 0x000000008a100000, 0x000000008a200000|  0%| F|  |TAMS 0x000000008a100000, 0x000000008a100000| Untracked 
|  26|0x000000008a200000, 0x000000008a200000, 0x000000008a300000|  0%| F|  |TAMS 0x000000008a200000, 0x000000008a200000| Untracked 
|  27|0x000000008a300000, 0x000000008a300000, 0x000000008a400000|  0%| F|  |TAMS 0x000000008a300000, 0x000000008a300000| Untracked 
|  28|0x000000008a400000, 0x000000008a400000, 0x000000008a500000|  0%| F|  |TAMS 0x000000008a400000, 0x000000008a400000| Untracked 
|  29|0x000000008a500000, 0x000000008a500000, 0x000000008a600000|  0%| F|  |TAMS 0x000000008a500000, 0x000000008a500000| Untracked 
|  30|0x000000008a600000, 0x000000008a600000, 0x000000008a700000|  0%| F|  |TAMS 0x000000008a600000, 0x000000008a600000| Untracked 
|  31|0x000000008a700000, 0x000000008a700000, 0x000000008a800000|  0%| F|  |TAMS 0x000000008a700000, 0x000000008a700000| Untracked 
|  32|0x000000008a800000, 0x000000008a800000, 0x000000008a900000|  0%| F|  |TAMS 0x000000008a800000, 0x000000008a800000| Untracked 
|  33|0x000000008a900000, 0x000000008a900000, 0x000000008aa00000|  0%| F|  |TAMS 0x000000008a900000, 0x000000008a900000| Untracked 
|  34|0x000000008aa00000, 0x000000008aa00000, 0x000000008ab00000|  0%| F|  |TAMS 0x000000008aa00000, 0x000000008aa00000| Untracked 
|  35|0x000000008ab00000, 0x000000008ab00000, 0x000000008ac00000|  0%| F|  |TAMS 0x000000008ab00000, 0x000000008ab00000| Untracked 
|  36|0x000000008ac00000, 0x000000008ac00000, 0x000000008ad00000|  0%| F|  |TAMS 0x000000008ac00000, 0x000000008ac00000| Untracked 
|  37|0x000000008ad00000, 0x000000008ad00000, 0x000000008ae00000|  0%| F|  |TAMS 0x000000008ad00000, 0x000000008ad00000| Untracked 
|  38|0x000000008ae00000, 0x000000008ae00000, 0x000000008af00000|  0%| F|  |TAMS 0x000000008ae00000, 0x000000008ae00000| Untracked 
|  39|0x000000008af00000, 0x000000008af00000, 0x000000008b000000|  0%| F|  |TAMS 0x000000008af00000, 0x000000008af00000| Untracked 
|  40|0x000000008b000000, 0x000000008b000000, 0x000000008b100000|  0%| F|  |TAMS 0x000000008b000000, 0x000000008b000000| Untracked 
|  41|0x000000008b100000, 0x000000008b100000, 0x000000008b200000|  0%| F|  |TAMS 0x000000008b100000, 0x000000008b100000| Untracked 
|  42|0x000000008b200000, 0x000000008b200000, 0x000000008b300000|  0%| F|  |TAMS 0x000000008b200000, 0x000000008b200000| Untracked 
|  43|0x000000008b300000, 0x000000008b300000, 0x000000008b400000|  0%| F|  |TAMS 0x000000008b300000, 0x000000008b300000| Untracked 
|  44|0x000000008b400000, 0x000000008b400000, 0x000000008b500000|  0%| F|  |TAMS 0x000000008b400000, 0x000000008b400000| Untracked 
|  45|0x000000008b500000, 0x000000008b500000, 0x000000008b600000|  0%| F|  |TAMS 0x000000008b500000, 0x000000008b500000| Untracked 
|  46|0x000000008b600000, 0x000000008b600000, 0x000000008b700000|  0%| F|  |TAMS 0x000000008b600000, 0x000000008b600000| Untracked 
|  47|0x000000008b700000, 0x000000008b700000, 0x000000008b800000|  0%| F|  |TAMS 0x000000008b700000, 0x000000008b700000| Untracked 
|  48|0x000000008b800000, 0x000000008b800000, 0x000000008b900000|  0%| F|  |TAMS 0x000000008b800000, 0x000000008b800000| Untracked 
|  49|0x000000008b900000, 0x000000008b900000, 0x000000008ba00000|  0%| F|  |TAMS 0x000000008b900000, 0x000000008b900000| Untracked 
|  50|0x000000008ba00000, 0x000000008ba00000, 0x000000008bb00000|  0%| F|  |TAMS 0x000000008ba00000, 0x000000008ba00000| Untracked 
|  51|0x000000008bb00000, 0x000000008bb00000, 0x000000008bc00000|  0%| F|  |TAMS 0x000000008bb00000, 0x000000008bb00000| Untracked 
|  52|0x000000008bc00000, 0x000000008bc00000, 0x000000008bd00000|  0%| F|  |TAMS 0x000000008bc00000, 0x000000008bc00000| Untracked 
|  53|0x000000008bd00000, 0x000000008bd00000, 0x000000008be00000|  0%| F|  |TAMS 0x000000008bd00000, 0x000000008bd00000| Untracked 
|  54|0x000000008be00000, 0x000000008be00000, 0x000000008bf00000|  0%| F|  |TAMS 0x000000008be00000, 0x000000008be00000| Untracked 
|  55|0x000000008bf00000, 0x000000008bf00000, 0x000000008c000000|  0%| F|  |TAMS 0x000000008bf00000, 0x000000008bf00000| Untracked 
|  56|0x000000008c000000, 0x000000008c000000, 0x000000008c100000|  0%| F|  |TAMS 0x000000008c000000, 0x000000008c000000| Untracked 
|  57|0x000000008c100000, 0x000000008c100000, 0x000000008c200000|  0%| F|  |TAMS 0x000000008c100000, 0x000000008c100000| Untracked 
|  58|0x000000008c200000, 0x000000008c200000, 0x000000008c300000|  0%| F|  |TAMS 0x000000008c200000, 0x000000008c200000| Untracked 
|  59|0x000000008c300000, 0x000000008c300000, 0x000000008c400000|  0%| F|  |TAMS 0x000000008c300000, 0x000000008c300000| Untracked 
|  60|0x000000008c400000, 0x000000008c400000, 0x000000008c500000|  0%| F|  |TAMS 0x000000008c400000, 0x000000008c400000| Untracked 
|  61|0x000000008c500000, 0x000000008c500000, 0x000000008c600000|  0%| F|  |TAMS 0x000000008c500000, 0x000000008c500000| Untracked 
|  62|0x000000008c600000, 0x000000008c600000, 0x000000008c700000|  0%| F|  |TAMS 0x000000008c600000, 0x000000008c600000| Untracked 
|  63|0x000000008c700000, 0x000000008c700000, 0x000000008c800000|  0%| F|  |TAMS 0x000000008c700000, 0x000000008c700000| Untracked 
|  64|0x000000008c800000, 0x000000008c800000, 0x000000008c900000|  0%| F|  |TAMS 0x000000008c800000, 0x000000008c800000| Untracked 
|  65|0x000000008c900000, 0x000000008c900000, 0x000000008ca00000|  0%| F|  |TAMS 0x000000008c900000, 0x000000008c900000| Untracked 
|  66|0x000000008ca00000, 0x000000008ca00000, 0x000000008cb00000|  0%| F|  |TAMS 0x000000008ca00000, 0x000000008ca00000| Untracked 
|  67|0x000000008cb00000, 0x000000008cb00000, 0x000000008cc00000|  0%| F|  |TAMS 0x000000008cb00000, 0x000000008cb00000| Untracked 
|  68|0x000000008cc00000, 0x000000008cc00000, 0x000000008cd00000|  0%| F|  |TAMS 0x000000008cc00000, 0x000000008cc00000| Untracked 
|  69|0x000000008cd00000, 0x000000008cd00000, 0x000000008ce00000|  0%| F|  |TAMS 0x000000008cd00000, 0x000000008cd00000| Untracked 
|  70|0x000000008ce00000, 0x000000008ce00000, 0x000000008cf00000|  0%| F|  |TAMS 0x000000008ce00000, 0x000000008ce00000| Untracked 
|  71|0x000000008cf00000, 0x000000008cf00000, 0x000000008d000000|  0%| F|  |TAMS 0x000000008cf00000, 0x000000008cf00000| Untracked 
|  72|0x000000008d000000, 0x000000008d000000, 0x000000008d100000|  0%| F|  |TAMS 0x000000008d000000, 0x000000008d000000| Untracked 
|  73|0x000000008d100000, 0x000000008d100000, 0x000000008d200000|  0%| F|  |TAMS 0x000000008d100000, 0x000000008d100000| Untracked 
|  74|0x000000008d200000, 0x000000008d200000, 0x000000008d300000|  0%| F|  |TAMS 0x000000008d200000, 0x000000008d200000| Untracked 
|  75|0x000000008d300000, 0x000000008d300000, 0x000000008d400000|  0%| F|  |TAMS 0x000000008d300000, 0x000000008d300000| Untracked 
|  76|0x000000008d400000, 0x000000008d400000, 0x000000008d500000|  0%| F|  |TAMS 0x000000008d400000, 0x000000008d400000| Untracked 
|  77|0x000000008d500000, 0x000000008d500000, 0x000000008d600000|  0%| F|  |TAMS 0x000000008d500000, 0x000000008d500000| Untracked 
|  78|0x000000008d600000, 0x000000008d600000, 0x000000008d700000|  0%| F|  |TAMS 0x000000008d600000, 0x000000008d600000| Untracked 
|  79|0x000000008d700000, 0x000000008d700000, 0x000000008d800000|  0%| F|  |TAMS 0x000000008d700000, 0x000000008d700000| Untracked 
|  80|0x000000008d800000, 0x000000008d800000, 0x000000008d900000|  0%| F|  |TAMS 0x000000008d800000, 0x000000008d800000| Untracked 
|  81|0x000000008d900000, 0x000000008d900000, 0x000000008da00000|  0%| F|  |TAMS 0x000000008d900000, 0x000000008d900000| Untracked 
|  82|0x000000008da00000, 0x000000008da00000, 0x000000008db00000|  0%| F|  |TAMS 0x000000008da00000, 0x000000008da00000| Untracked 
|  83|0x000000008db00000, 0x000000008db00000, 0x000000008dc00000|  0%| F|  |TAMS 0x000000008db00000, 0x000000008db00000| Untracked 
|  84|0x000000008dc00000, 0x000000008dc00000, 0x000000008dd00000|  0%| F|  |TAMS 0x000000008dc00000, 0x000000008dc00000| Untracked 
|  85|0x000000008dd00000, 0x000000008dd00000, 0x000000008de00000|  0%| F|  |TAMS 0x000000008dd00000, 0x000000008dd00000| Untracked 
|  86|0x000000008de00000, 0x000000008de00000, 0x000000008df00000|  0%| F|  |TAMS 0x000000008de00000, 0x000000008de00000| Untracked 
|  87|0x000000008df00000, 0x000000008df00000, 0x000000008e000000|  0%| F|  |TAMS 0x000000008df00000, 0x000000008df00000| Untracked 
|  88|0x000000008e000000, 0x000000008e000000, 0x000000008e100000|  0%| F|  |TAMS 0x000000008e000000, 0x000000008e000000| Untracked 
|  89|0x000000008e100000, 0x000000008e100000, 0x000000008e200000|  0%| F|  |TAMS 0x000000008e100000, 0x000000008e100000| Untracked 
|  90|0x000000008e200000, 0x000000008e200000, 0x000000008e300000|  0%| F|  |TAMS 0x000000008e200000, 0x000000008e200000| Untracked 
|  91|0x000000008e300000, 0x000000008e300000, 0x000000008e400000|  0%| F|  |TAMS 0x000000008e300000, 0x000000008e300000| Untracked 
|  92|0x000000008e400000, 0x000000008e400000, 0x000000008e500000|  0%| F|  |TAMS 0x000000008e400000, 0x000000008e400000| Untracked 
|  93|0x000000008e500000, 0x000000008e500000, 0x000000008e600000|  0%| F|  |TAMS 0x000000008e500000, 0x000000008e500000| Untracked 
|  94|0x000000008e600000, 0x000000008e600000, 0x000000008e700000|  0%| F|  |TAMS 0x000000008e600000, 0x000000008e600000| Untracked 
|  95|0x000000008e700000, 0x000000008e700000, 0x000000008e800000|  0%| F|  |TAMS 0x000000008e700000, 0x000000008e700000| Untracked 
|  96|0x000000008e800000, 0x000000008e800000, 0x000000008e900000|  0%| F|  |TAMS 0x000000008e800000, 0x000000008e800000| Untracked 
|  97|0x000000008e900000, 0x000000008e900000, 0x000000008ea00000|  0%| F|  |TAMS 0x000000008e900000, 0x000000008e900000| Untracked 
|  98|0x000000008ea00000, 0x000000008ea00000, 0x000000008eb00000|  0%| F|  |TAMS 0x000000008ea00000, 0x000000008ea00000| Untracked 
|  99|0x000000008eb00000, 0x000000008eb00000, 0x000000008ec00000|  0%| F|  |TAMS 0x000000008eb00000, 0x000000008eb00000| Untracked 
| 100|0x000000008ec00000, 0x000000008ec00000, 0x000000008ed00000|  0%| F|  |TAMS 0x000000008ec00000, 0x000000008ec00000| Untracked 
| 101|0x000000008ed00000, 0x000000008ed00000, 0x000000008ee00000|  0%| F|  |TAMS 0x000000008ed00000, 0x000000008ed00000| Untracked 
| 102|0x000000008ee00000, 0x000000008ee00000, 0x000000008ef00000|  0%| F|  |TAMS 0x000000008ee00000, 0x000000008ee00000| Untracked 
| 103|0x000000008ef00000, 0x000000008ef00000, 0x000000008f000000|  0%| F|  |TAMS 0x000000008ef00000, 0x000000008ef00000| Untracked 
| 104|0x000000008f000000, 0x000000008f000000, 0x000000008f100000|  0%| F|  |TAMS 0x000000008f000000, 0x000000008f000000| Untracked 
| 105|0x000000008f100000, 0x000000008f1b4150, 0x000000008f200000| 70%| S|CS|TAMS 0x000000008f100000, 0x000000008f100000| Complete 
| 106|0x000000008f200000, 0x000000008f300000, 0x000000008f300000|100%| S|CS|TAMS 0x000000008f200000, 0x000000008f200000| Complete 
| 107|0x000000008f300000, 0x000000008f300000, 0x000000008f400000|  0%| F|  |TAMS 0x000000008f300000, 0x000000008f300000| Untracked 
| 108|0x000000008f400000, 0x000000008f400000, 0x000000008f500000|  0%| F|  |TAMS 0x000000008f400000, 0x000000008f400000| Untracked 
| 109|0x000000008f500000, 0x000000008f500000, 0x000000008f600000|  0%| F|  |TAMS 0x000000008f500000, 0x000000008f500000| Untracked 
| 110|0x000000008f600000, 0x000000008f600000, 0x000000008f700000|  0%| F|  |TAMS 0x000000008f600000, 0x000000008f600000| Untracked 
| 111|0x000000008f700000, 0x000000008f700000, 0x000000008f800000|  0%| F|  |TAMS 0x000000008f700000, 0x000000008f700000| Untracked 
| 112|0x000000008f800000, 0x000000008f800000, 0x000000008f900000|  0%| F|  |TAMS 0x000000008f800000, 0x000000008f800000| Untracked 
| 113|0x000000008f900000, 0x000000008f900000, 0x000000008fa00000|  0%| F|  |TAMS 0x000000008f900000, 0x000000008f900000| Untracked 
| 114|0x000000008fa00000, 0x000000008fa00000, 0x000000008fb00000|  0%| F|  |TAMS 0x000000008fa00000, 0x000000008fa00000| Untracked 
| 115|0x000000008fb00000, 0x000000008fb00000, 0x000000008fc00000|  0%| F|  |TAMS 0x000000008fb00000, 0x000000008fb00000| Untracked 
| 116|0x000000008fc00000, 0x000000008fc00000, 0x000000008fd00000|  0%| F|  |TAMS 0x000000008fc00000, 0x000000008fc00000| Untracked 
| 117|0x000000008fd00000, 0x000000008fd00000, 0x000000008fe00000|  0%| F|  |TAMS 0x000000008fd00000, 0x000000008fd00000| Untracked 
| 118|0x000000008fe00000, 0x000000008fe00000, 0x000000008ff00000|  0%| F|  |TAMS 0x000000008fe00000, 0x000000008fe00000| Untracked 
| 119|0x000000008ff00000, 0x000000008ff82bd0, 0x0000000090000000| 51%| E|  |TAMS 0x000000008ff00000, 0x000000008ff00000| Complete 

Card table byte_map: [0x0000017a79890000,0x0000017a79c50000] _byte_map_base: 0x0000017a7944c000

Marking Bits (Prev, Next): (CMBitMap*) 0x0000017a6ff4bbe0, (CMBitMap*) 0x0000017a6ff4bc20
 Prev Bits: [0x0000017a7a010000, 0x0000017a7bdf0000)
 Next Bits: [0x0000017a7bdf0000, 0x0000017a7dbd0000)

Polling page: 0x0000017a6fff0000

Metaspace:

Usage:
  Non-class:      4.67 MB used.
      Class:    243.14 KB used.
       Both:      4.91 MB used.

Virtual space:
  Non-class space:        8.00 MB reserved,       4.75 MB ( 59%) committed,  1 nodes.
      Class space:        1.00 GB reserved,     320.00 KB ( <1%) committed,  1 nodes.
              Both:        1.01 GB reserved,       5.06 MB ( <1%) committed. 

Chunk freelists:
   Non-Class:  655.00 KB
       Class:  3.58 MB
        Both:  4.22 MB

MaxMetaspaceSize: 17179869184.00 GB
CompressedClassSpaceSize: 1.00 GB
 - commit_granule_bytes: 65536.
 - commit_granule_words: 8192.
 - virtual_space_node_default_size: 1048576.
 - enlarge_chunks_in_place: 1.
 - new_chunks_are_fully_committed: 0.
 - uncommit_free_chunks: 1.
 - use_allocation_guard: 0.
 - handle_deallocations: 1.


Internal statistics:

num_allocs_failed_limit: 0.
num_arena_births: 42.
num_arena_deaths: 0.
num_vsnodes_births: 2.
num_vsnodes_deaths: 0.
num_space_committed: 79.
num_space_uncommitted: 0.
num_chunks_returned_to_freelist: 0.
num_chunks_taken_from_freelist: 175.
num_chunk_merges: 0.
num_chunk_splits: 134.
num_chunks_enlarged: 110.
num_purges: 0.

CodeHeap 'non-profiled nmethods': size=120000Kb used=197Kb max_used=197Kb free=119802Kb
 bounds [0x0000017a07ad0000, 0x0000017a07d40000, 0x0000017a0f000000]
CodeHeap 'profiled nmethods': size=120000Kb used=1200Kb max_used=1200Kb free=118799Kb
 bounds [0x0000017a005a0000, 0x0000017a00810000, 0x0000017a07ad0000]
CodeHeap 'non-nmethods': size=5760Kb used=1561Kb max_used=1575Kb free=4198Kb
 bounds [0x0000017a00000000, 0x0000017a00270000, 0x0000017a005a0000]
 total_blobs=1689 nmethods=716 adapters=887
 compilation: enabled
              stopped_count=0, restarted_count=0
 full_count=0

Compilation events (20 events):
Event: 2.302 Thread 0x0000017a0f264910 nmethod 706 0x0000017a006c3710 code [0x0000017a006c3900, 0x0000017a006c3da8]
Event: 2.304 Thread 0x0000017a0f264910  707       3       java.util.zip.ZipFile$ZipFileInflaterInputStream::fill (80 bytes)
Event: 2.305 Thread 0x0000017a0f264910 nmethod 707 0x0000017a006c3f90 code [0x0000017a006c4180, 0x0000017a006c4508]
Event: 2.305 Thread 0x0000017a0f264910  708   !   3       java.util.zip.ZipFile$ZipFileInputStream::read (135 bytes)
Event: 2.307 Thread 0x0000017a0f264910 nmethod 708 0x0000017a006c4690 code [0x0000017a006c48a0, 0x0000017a006c4f38]
Event: 2.307 Thread 0x0000017a0f264910  709       3       java.util.zip.ZipFile::ensureOpenOrZipException (19 bytes)
Event: 2.307 Thread 0x0000017a0f264910 nmethod 709 0x0000017a006c5290 code [0x0000017a006c5440, 0x0000017a006c5608]
Event: 2.307 Thread 0x0000017a0f264910  710       3       java.util.zip.ZipFile$ZipFileInputStream::initDataOffset (117 bytes)
Event: 2.309 Thread 0x0000017a0f264910 nmethod 710 0x0000017a006c5710 code [0x0000017a006c5940, 0x0000017a006c60e8]
Event: 2.309 Thread 0x0000017a0f264910  711   !   3       java.util.zip.ZipFile$Source::readAt (39 bytes)
Event: 2.310 Thread 0x0000017a0f264910 nmethod 711 0x0000017a006c6410 code [0x0000017a006c6600, 0x0000017a006c6a88]
Event: 2.310 Thread 0x0000017a0f264910  712   !   3       java.util.zip.Inflater::setInput (69 bytes)
Event: 2.311 Thread 0x0000017a0f264910 nmethod 712 0x0000017a006c6d90 code [0x0000017a006c6f60, 0x0000017a006c7328]
Event: 2.315 Thread 0x0000017a0f264910  713       3       sun.nio.ch.FileChannelImpl::ensureOpen (16 bytes)
Event: 2.316 Thread 0x0000017a0f264910 nmethod 713 0x0000017a006c7490 code [0x0000017a006c7640, 0x0000017a006c78c8]
Event: 2.317 Thread 0x0000017a0f264910  714       3       java.lang.AbstractStringBuilder::appendChars (207 bytes)
Event: 2.321 Thread 0x0000017a0f264910 nmethod 714 0x0000017a006c7a10 code [0x0000017a006c7cc0, 0x0000017a006c8c48]
Event: 2.325 Thread 0x0000017a0f263e20  715       4       java.nio.DirectIntBufferU::ix (10 bytes)
Event: 2.325 Thread 0x0000017a0f264910  716   !   3       jdk.internal.loader.URLClassPath$FileLoader::getResource (164 bytes)
Event: 2.326 Thread 0x0000017a0f263e20 nmethod 715 0x0000017a07b01290 code [0x0000017a07b01400, 0x0000017a07b01478]

GC Heap History (2 events):
Event: 2.288 GC heap before
{Heap before GC invocations=0 (full 0):
 garbage-first heap   total 122880K, used 13312K [0x0000000088800000, 0x0000000100000000)
  region size 1024K, 13 young (13312K), 0 survivors (0K)
 Metaspace       used 5016K, committed 5184K, reserved 1056768K
  class space    used 243K, committed 320K, reserved 1048576K
}
Event: 2.299 GC heap after
{Heap after GC invocations=1 (full 0):
 garbage-first heap   total 122880K, used 1744K [0x0000000088800000, 0x0000000100000000)
  region size 1024K, 2 young (2048K), 2 survivors (2048K)
 Metaspace       used 5016K, committed 5184K, reserved 1056768K
  class space    used 243K, committed 320K, reserved 1048576K
}

Deoptimization events (8 events):
Event: 0.644 Thread 0x0000017a6ff0c590 DEOPT PACKING pc=0x0000017a005b73e7 sp=0x00000054f35faff0
Event: 0.644 Thread 0x0000017a6ff0c590 DEOPT UNPACKING pc=0x0000017a0004dece sp=0x00000054f35fa410 mode 0
Event: 0.687 Thread 0x0000017a6ff0c590 DEOPT PACKING pc=0x0000017a005a7d51 sp=0x00000054f35fd390
Event: 0.687 Thread 0x0000017a6ff0c590 DEOPT UNPACKING pc=0x0000017a0004dece sp=0x00000054f35fc808 mode 0
Event: 1.690 Thread 0x0000017a6ff0c590 Uncommon trap: trap_request=0xffffff54 fr.pc=0x0000017a07af0780 relative=0x0000000000000060
Event: 1.690 Thread 0x0000017a6ff0c590 Uncommon trap: reason=speculate_null_assert action=make_not_entrant pc=0x0000017a07af0780 method=sun.misc.Unsafe.putLong(Ljava/lang/Object;JJ)V @ 7 c2
Event: 1.690 Thread 0x0000017a6ff0c590 DEOPT PACKING pc=0x0000017a07af0780 sp=0x00000054f35fedb0
Event: 1.691 Thread 0x0000017a6ff0c590 DEOPT UNPACKING pc=0x0000017a0004d72e sp=0x00000054f35fed28 mode 2

Classes unloaded (0 events):
No events

Classes redefined (0 events):
No events

Internal exceptions (17 events):
Event: 0.358 Thread 0x0000017a6ff0c590 Exception <a 'java/lang/NoSuchMethodError'{0x000000008fee2938}: 'java.lang.Object java.lang.invoke.DirectMethodHandle$Holder.invokeStatic(java.lang.Object)'> (0x000000008fee2938) 
thrown [t:\workspace\open\src\hotspot\share\interpreter\linkResolver.cpp, line 790]
Event: 0.359 Thread 0x0000017a6ff0c590 Exception <a 'java/lang/NoSuchMethodError'{0x000000008fee6168}: 'java.lang.Object java.lang.invoke.DirectMethodHandle$Holder.invokeStaticInit(java.lang.Object)'> (0x000000008fee6168) 
thrown [t:\workspace\open\src\hotspot\share\interpreter\linkResolver.cpp, line 790]
Event: 0.398 Thread 0x0000017a6ff0c590 Exception <a 'java/lang/NoSuchMethodError'{0x000000008fd2cea8}: 'void java.lang.invoke.DirectMethodHandle$Holder.invokeStatic(java.lang.Object, java.lang.Object)'> (0x000000008fd2cea8) 
thrown [t:\workspace\open\src\hotspot\share\interpreter\linkResolver.cpp, line 790]
Event: 0.401 Thread 0x0000017a6ff0c590 Exception <a 'java/lang/NoSuchMethodError'{0x000000008fd32810}: 'void java.lang.invoke.DirectMethodHandle$Holder.invokeSpecial(java.lang.Object, java.lang.Object, java.lang.Object)'> (0x000000008fd32810) 
thrown [t:\workspace\open\src\hotspot\share\interpreter\linkResolver.cpp, line 790]
Event: 0.410 Thread 0x0000017a6ff0c590 Exception <a 'java/lang/NoSuchMethodError'{0x000000008fd476c0}: 'java.lang.Object java.lang.invoke.DirectMethodHandle$Holder.invokeStatic(java.lang.Object, java.lang.Object, int)'> (0x000000008fd476c0) 
thrown [t:\workspace\open\src\hotspot\share\interpreter\linkResolver.cpp, line 790]
Event: 0.414 Thread 0x0000017a6ff0c590 Exception <a 'java/lang/NoSuchMethodError'{0x000000008fd53868}: 'void java.lang.invoke.DelegatingMethodHandle$Holder.delegate(java.lang.Object, java.lang.Object, int, java.lang.Object)'> (0x000000008fd53868) 
thrown [t:\workspace\open\src\hotspot\share\interpreter\linkResolver.cpp, line 790]
Event: 0.416 Thread 0x0000017a6ff0c590 Exception <a 'java/lang/NoSuchMethodError'{0x000000008fd57bc0}: 'int java.lang.invoke.DirectMethodHandle$Holder.invokeSpecial(java.lang.Object, java.lang.Object, java.lang.Object)'> (0x000000008fd57bc0) 
thrown [t:\workspace\open\src\hotspot\share\interpreter\linkResolver.cpp, line 790]
Event: 0.590 Thread 0x0000017a6ff0c590 Exception <a 'sun/nio/fs/WindowsException'{0x000000008fc42200}> (0x000000008fc42200) 
thrown [t:\workspace\open\src\hotspot\share\prims\jni.cpp, line 579]
Event: 0.591 Thread 0x0000017a6ff0c590 Exception <a 'sun/nio/fs/WindowsException'{0x000000008fc42758}> (0x000000008fc42758) 
thrown [t:\workspace\open\src\hotspot\share\prims\jni.cpp, line 579]
Event: 0.741 Thread 0x0000017a6ff0c590 Exception <a 'sun/nio/fs/WindowsException'{0x000000008fba2960}> (0x000000008fba2960) 
thrown [t:\workspace\open\src\hotspot\share\prims\jni.cpp, line 579]
Event: 0.741 Thread 0x0000017a6ff0c590 Exception <a 'sun/nio/fs/WindowsException'{0x000000008fba2cd0}> (0x000000008fba2cd0) 
thrown [t:\workspace\open\src\hotspot\share\prims\jni.cpp, line 579]
Event: 1.557 Thread 0x0000017a6ff0c590 Exception <a 'sun/nio/fs/WindowsException'{0x000000008fa1e7e0}> (0x000000008fa1e7e0) 
thrown [t:\workspace\open\src\hotspot\share\prims\jni.cpp, line 579]
Event: 1.557 Thread 0x0000017a6ff0c590 Exception <a 'sun/nio/fs/WindowsException'{0x000000008fa1eb90}> (0x000000008fa1eb90) 
thrown [t:\workspace\open\src\hotspot\share\prims\jni.cpp, line 579]
Event: 1.573 Thread 0x0000017a6ff0c590 Exception <a 'sun/nio/fs/WindowsException'{0x000000008fa2e738}> (0x000000008fa2e738) 
thrown [t:\workspace\open\src\hotspot\share\prims\jni.cpp, line 579]
Event: 1.573 Thread 0x0000017a6ff0c590 Exception <a 'sun/nio/fs/WindowsException'{0x000000008fa2ea20}> (0x000000008fa2ea20) 
thrown [t:\workspace\open\src\hotspot\share\prims\jni.cpp, line 579]
Event: 2.317 Thread 0x0000017a6ff0c590 Exception <a 'sun/nio/fs/WindowsException'{0x000000008ff06db8}> (0x000000008ff06db8) 
thrown [t:\workspace\open\src\hotspot\share\prims\jni.cpp, line 579]
Event: 2.317 Thread 0x0000017a6ff0c590 Exception <a 'sun/nio/fs/WindowsException'{0x000000008ff07140}> (0x000000008ff07140) 
thrown [t:\workspace\open\src\hotspot\share\prims\jni.cpp, line 579]

Events (20 events):
Event: 1.607 Executing  VM operation: HandshakeAllThreads
Event: 1.607 Executing  VM operation: HandshakeAllThreads done
Event: 2.149 loading class jdk/internal/reflect/UnsafeQualifiedLongFieldAccessorImpl
Event: 2.149 loading class jdk/internal/reflect/UnsafeQualifiedFieldAccessorImpl
Event: 2.149 loading class jdk/internal/reflect/UnsafeQualifiedFieldAccessorImpl done
Event: 2.149 loading class jdk/internal/reflect/UnsafeQualifiedLongFieldAccessorImpl done
Event: 2.211 loading class sun/net/ProgressMonitor
Event: 2.212 loading class sun/net/ProgressMonitor done
Event: 2.212 loading class sun/net/DefaultProgressMeteringPolicy
Event: 2.212 loading class sun/net/ProgressMeteringPolicy
Event: 2.212 loading class sun/net/ProgressMeteringPolicy done
Event: 2.212 loading class sun/net/DefaultProgressMeteringPolicy done
Event: 2.212 loading class java/io/BufferedReader$1
Event: 2.213 loading class java/io/BufferedReader$1 done
Event: 2.250 loading class java/io/Externalizable
Event: 2.250 loading class java/io/Externalizable done
Event: 2.259 Loaded shared library C:\Program Files\Java\jdk-16.0.2\bin\verify.dll
Event: 2.288 Executing  VM operation: G1CollectForAllocation
Event: 2.299 Executing  VM operation: G1CollectForAllocation done
Event: 2.323 Loaded shared library C:\Users\admin\AppData\Local\Temp\lwjgladmin\3.2.3-build-13\lwjgl_stb.dll


Dynamic libraries:
0x00007ff6c68c0000 - 0x00007ff6c68d0000 	C:\Program Files\Java\jdk-16.0.2\bin\javaw.exe
0x00007ffabe950000 - 0x00007ffabeb45000 	C:\WINDOWS\SYSTEM32\ntdll.dll
0x00007ffabccb0000 - 0x00007ffabcd6e000 	C:\WINDOWS\System32\KERNEL32.DLL
0x00007ffabc380000 - 0x00007ffabc649000 	C:\WINDOWS\System32\KERNELBASE.dll
0x00007ffabc120000 - 0x00007ffabc220000 	C:\WINDOWS\System32\ucrtbase.dll
0x00007ffab7760000 - 0x00007ffab7778000 	C:\Program Files\Java\jdk-16.0.2\bin\jli.dll
0x00007ffabd7c0000 - 0x00007ffabd86c000 	C:\WINDOWS\System32\ADVAPI32.dll
0x00007ffabd720000 - 0x00007ffabd7be000 	C:\WINDOWS\System32\msvcrt.dll
0x00007ffabdc30000 - 0x00007ffabdccb000 	C:\WINDOWS\System32\sechost.dll
0x00007ffabdeb0000 - 0x00007ffabdfda000 	C:\WINDOWS\System32\RPCRT4.dll
0x00007ffabdcd0000 - 0x00007ffabde71000 	C:\WINDOWS\System32\USER32.dll
0x00007ffabc650000 - 0x00007ffabc672000 	C:\WINDOWS\System32\win32u.dll
0x00007ffab7660000 - 0x00007ffab7679000 	C:\Program Files\Java\jdk-16.0.2\bin\VCRUNTIME140.dll
0x00007ffabca90000 - 0x00007ffabcabb000 	C:\WINDOWS\System32\GDI32.dll
0x00007ffabc7e0000 - 0x00007ffabc8eb000 	C:\WINDOWS\System32\gdi32full.dll
0x00007ffabc250000 - 0x00007ffabc2ed000 	C:\WINDOWS\System32\msvcp_win.dll
0x00007ffaae0a0000 - 0x00007ffaae33a000 	C:\WINDOWS\WinSxS\amd64_microsoft.windows.common-controls_6595b64144ccf1df_6.0.19041.1110_none_60b5254171f9507e\COMCTL32.dll
0x00007ffab41f0000 - 0x00007ffab41fa000 	C:\WINDOWS\SYSTEM32\VERSION.dll
0x00007ffabde80000 - 0x00007ffabdeb0000 	C:\WINDOWS\System32\IMM32.DLL
0x00007ffab0090000 - 0x00007ffab009c000 	C:\Program Files\Java\jdk-16.0.2\bin\vcruntime140_1.dll
0x00007ffa97ab0000 - 0x00007ffa97b41000 	C:\Program Files\Java\jdk-16.0.2\bin\msvcp140.dll
0x00007ffa4ffe0000 - 0x00007ffa50b8b000 	C:\Program Files\Java\jdk-16.0.2\bin\server\jvm.dll
0x00007ffabca80000 - 0x00007ffabca88000 	C:\WINDOWS\System32\PSAPI.DLL
0x00007ffab76b0000 - 0x00007ffab76b9000 	C:\WINDOWS\SYSTEM32\WSOCK32.dll
0x00007ffabe510000 - 0x00007ffabe57b000 	C:\WINDOWS\System32\WS2_32.dll
0x00007ffab3440000 - 0x00007ffab3467000 	C:\WINDOWS\SYSTEM32\WINMM.dll
0x00007ffaba8f0000 - 0x00007ffaba902000 	C:\WINDOWS\SYSTEM32\kernel.appcore.dll
0x00007ffab00b0000 - 0x00007ffab00ba000 	C:\Program Files\Java\jdk-16.0.2\bin\jimage.dll
0x00007ffab9f40000 - 0x00007ffaba124000 	C:\WINDOWS\SYSTEM32\DBGHELP.DLL
0x00007ffaa3660000 - 0x00007ffaa368c000 	C:\WINDOWS\SYSTEM32\dbgcore.DLL
0x00007ffabc2f0000 - 0x00007ffabc373000 	C:\WINDOWS\System32\bcryptPrimitives.dll
0x00007ffa97c10000 - 0x00007ffa97c35000 	C:\Program Files\Java\jdk-16.0.2\bin\java.dll
0x00007ffabcf80000 - 0x00007ffabd6bf000 	C:\WINDOWS\System32\SHELL32.dll
0x00007ffaba150000 - 0x00007ffaba8e0000 	C:\WINDOWS\SYSTEM32\windows.storage.dll
0x00007ffabd870000 - 0x00007ffabdbc5000 	C:\WINDOWS\System32\combase.dll
0x00007ffabb9f0000 - 0x00007ffabba1c000 	C:\WINDOWS\SYSTEM32\Wldp.dll
0x00007ffabe860000 - 0x00007ffabe90e000 	C:\WINDOWS\System32\SHCORE.dll
0x00007ffabd6c0000 - 0x00007ffabd715000 	C:\WINDOWS\System32\shlwapi.dll
0x00007ffabbfb0000 - 0x00007ffabbfcf000 	C:\WINDOWS\SYSTEM32\profapi.dll
0x00007ffaa3550000 - 0x00007ffaa3569000 	C:\Program Files\Java\jdk-16.0.2\bin\net.dll
0x00007ffaad220000 - 0x00007ffaad328000 	C:\WINDOWS\SYSTEM32\WINHTTP.dll
0x00007ffabb750000 - 0x00007ffabb7ba000 	C:\WINDOWS\system32\mswsock.dll
0x00007ffaa1500000 - 0x00007ffaa1513000 	C:\Program Files\Java\jdk-16.0.2\bin\nio.dll
0x00007ffaa08a0000 - 0x00007ffaa08b8000 	C:\Program Files\Java\jdk-16.0.2\bin\zip.dll
0x00007ffaa1490000 - 0x00007ffaa14f4000 	C:\Users\admin\AppData\Local\Temp\lwjgladmin\3.2.3-build-13\lwjgl.dll
0x00007ffa9b1a0000 - 0x00007ffa9b202000 	C:\Users\admin\AppData\Local\Temp\lwjgladmin\3.2.3-build-13\glfw.dll
0x00007ffab9660000 - 0x00007ffab96fe000 	C:\WINDOWS\system32\uxtheme.dll
0x00007ffa97a60000 - 0x00007ffa97aa5000 	C:\WINDOWS\SYSTEM32\dinput8.dll
0x00007ffaaf740000 - 0x00007ffaaf751000 	C:\WINDOWS\SYSTEM32\xinput1_4.dll
0x00007ffabc950000 - 0x00007ffabc99e000 	C:\WINDOWS\System32\cfgmgr32.dll
0x00007ffabbd60000 - 0x00007ffabbd94000 	C:\WINDOWS\SYSTEM32\DEVOBJ.dll
0x00007ffab9830000 - 0x00007ffab985f000 	C:\WINDOWS\SYSTEM32\dwmapi.dll
0x00007ffab4570000 - 0x00007ffab46c2000 	C:\WINDOWS\SYSTEM32\inputhost.dll
0x00007ffabe580000 - 0x00007ffabe64d000 	C:\WINDOWS\System32\OLEAUT32.dll
0x00007ffab86a0000 - 0x00007ffab8796000 	C:\WINDOWS\SYSTEM32\PROPSYS.dll
0x00007ffab9350000 - 0x00007ffab9442000 	C:\WINDOWS\SYSTEM32\CoreMessaging.dll
0x00007ffab8ff0000 - 0x00007ffab934e000 	C:\WINDOWS\SYSTEM32\CoreUIComponents.dll
0x00007ffab8830000 - 0x00007ffab8984000 	C:\WINDOWS\SYSTEM32\wintypes.dll
0x00007ffabad60000 - 0x00007ffabad93000 	C:\WINDOWS\SYSTEM32\ntmarta.dll
0x00007ffabcac0000 - 0x00007ffabcbd5000 	C:\WINDOWS\System32\MSCTF.dll
0x00007ffaba8e0000 - 0x00007ffaba8ed000 	C:\WINDOWS\SYSTEM32\HID.DLL
0x00007ffabe090000 - 0x00007ffabe502000 	C:\WINDOWS\System32\SETUPAPI.DLL
0x00007ffabc220000 - 0x00007ffabc247000 	C:\WINDOWS\System32\bcrypt.dll
0x00007ffabc8f0000 - 0x00007ffabc950000 	C:\WINDOWS\System32\WINTRUST.dll
0x00007ffabc680000 - 0x00007ffabc7d6000 	C:\WINDOWS\System32\CRYPT32.dll
0x00007ffabbb80000 - 0x00007ffabbb92000 	C:\WINDOWS\SYSTEM32\MSASN1.dll
0x00007ffa88180000 - 0x00007ffa882a5000 	C:\WINDOWS\SYSTEM32\opengl32.dll
0x00007ffa82110000 - 0x00007ffa8213c000 	C:\WINDOWS\SYSTEM32\GLU32.dll
0x00007ffabdfe0000 - 0x00007ffabe089000 	C:\WINDOWS\System32\clbcatq.dll
0x00007ffa99270000 - 0x00007ffa9929b000 	C:\WINDOWS\System32\DriverStore\FileRepository\c0368456.inf_amd64_f16f961b152ef3a8\B367348\atig6pxx.dll
0x00007ffa70740000 - 0x00007ffa7352d000 	C:\WINDOWS\System32\DriverStore\FileRepository\c0368456.inf_amd64_f16f961b152ef3a8\B367348\atio6axx.dll
0x00007ffabce50000 - 0x00007ffabcf7a000 	C:\WINDOWS\System32\ole32.dll
0x00007ffa93630000 - 0x00007ffa93654000 	C:\WINDOWS\SYSTEM32\dxva2.dll
0x00007ffa99230000 - 0x00007ffa9926c000 	C:\WINDOWS\System32\DriverStore\FileRepository\c0368456.inf_amd64_f16f961b152ef3a8\B367348\atig6txx.dll
0x00007ffa8b950000 - 0x00007ffa8bb03000 	C:\WINDOWS\SYSTEM32\atiadlxx.dll
0x00007ffa91d00000 - 0x00007ffa91d49000 	C:\WINDOWS\SYSTEM32\pdh.dll
0x00007ffab3980000 - 0x00007ffab39bb000 	C:\WINDOWS\SYSTEM32\dxcore.dll
0x00007ffab4360000 - 0x00007ffab4459000 	C:\WINDOWS\SYSTEM32\textinputframework.dll
0x00007ffa814f0000 - 0x00007ffa81549000 	C:\Users\admin\AppData\Local\Temp\lwjgladmin\3.2.3-build-13\lwjgl_opengl.dll
0x00007ffaa5f60000 - 0x00007ffaa5f70000 	C:\Program Files\Java\jdk-16.0.2\bin\verify.dll
0x00007ffa7fb80000 - 0x00007ffa7fbf7000 	C:\Users\admin\AppData\Local\Temp\lwjgladmin\3.2.3-build-13\lwjgl_stb.dll

dbghelp: loaded successfully - version: 4.0.5 - missing functions: none
symbol engine: initialized successfully - sym options: 0x614 - pdb path: .;C:\Program Files\Java\jdk-16.0.2\bin;C:\WINDOWS\SYSTEM32;C:\WINDOWS\WinSxS\amd64_microsoft.windows.common-controls_6595b64144ccf1df_6.0.19041.1110_none_60b5254171f9507e;C:\Program Files\Java\jdk-16.0.2\bin\server;C:\Users\admin\AppData\Local\Temp\lwjgladmin\3.2.3-build-13;C:\WINDOWS\System32\DriverStore\FileRepository\c0368456.inf_amd64_f16f961b152ef3a8\B367348

VM Arguments:
jvm_args: -Dfile.encoding=Cp1252 -XX:+ShowCodeDetailsInExceptionMessages 
java_command: com.PlatformerGame.engine.core.App
java_class_path (initial): C:\Users\admin\Documents\GitHub\Mira\bin;C:\Users\admin\Documents\GitHub\Mira\libs\lwjgl.jar;C:\Users\admin\Documents\GitHub\Mira\libs\lwjgl-glfw.jar;C:\Users\admin\Documents\GitHub\Mira\libs\lwjgl-glfw-natives-linux.jar;C:\Users\admin\Documents\GitHub\Mira\libs\lwjgl-glfw-natives-linux-arm32.jar;C:\Users\admin\Documents\GitHub\Mira\libs\lwjgl-glfw-natives-linux-arm64.jar;C:\Users\admin\Documents\GitHub\Mira\libs\lwjgl-glfw-natives-macos.jar;C:\Users\admin\Documents\GitHub\Mira\libs\lwjgl-glfw-natives-windows.jar;C:\Users\admin\Documents\GitHub\Mira\libs\lwjgl-glfw-natives-windows-x86.jar;C:\Users\admin\Documents\GitHub\Mira\libs\lwjgl-natives-linux.jar;C:\Users\admin\Documents\GitHub\Mira\libs\lwjgl-natives-linux-arm32.jar;C:\Users\admin\Documents\GitHub\Mira\libs\lwjgl-natives-linux-arm64.jar;C:\Users\admin\Documents\GitHub\Mira\libs\lwjgl-natives-macos.jar;C:\Users\admin\Documents\GitHub\Mira\libs\lwjgl-natives-windows.jar;C:\Users\admin\Documents\GitHub\Mira\libs\lwjgl-natives-windows-x86.jar;C:\Users\admin\Documents\GitHub\Mira\libs\lwjgl-opengl.jar;C:\Users\admin\Documents\GitHub\Mira\libs\lwjgl-opengl-natives-linux.jar;C:\Users\admin\Documents\GitHub\Mira\libs\lwjgl-opengl-natives-linux-arm32.jar;C:\Users\admin\Documents\GitHub\Mira\libs\lwjgl-opengl-natives-linux-arm64.jar;C:\Users\admin\Documents\GitHub\Mira\libs\lwjgl-opengl-natives-macos.jar;C:\Users\admin\Documents\GitHub\Mira\libs\lwjgl-opengl-natives-windows.jar;C:\Users\admin\Documents\GitHub\Mira\libs\lwjgl-opengl-natives-windows-x86.jar;C:\Users\admin\Documents\GitHub\Mira\libs\joml-1.10.2.jar;C:\Users\admin\Documents\GitHub\Mira\libs\lwjgl-stb.jar;C:\Users\admin\Documents\GitHub\Mira\libs\lwjgl-stb-natives-linux.jar;C:\Users\admin\Documents\GitHub\Mira\libs\lwjgl-stb-natives-linux-arm32.jar;C:\Users\admin\Documents\GitHub\Mira\libs\lwjgl-stb-natives-linux-arm64.jar;C:\Users\admin\Documents\GitHub\Mira\libs\lwjgl-stb-natives-macos.jar;C:\Users\admin\Documents\GitHub\Mira
Launcher Type: SUN_STANDARD

[Global flags]
     intx CICompilerCount                          = 3                                         {product} {ergonomic}
     uint ConcGCThreads                            = 1                                         {product} {ergonomic}
     uint G1ConcRefinementThreads                  = 4                                         {product} {ergonomic}
   size_t G1HeapRegionSize                         = 1048576                                   {product} {ergonomic}
    uintx GCDrainStackTargetSize                   = 64                                        {product} {ergonomic}
   size_t InitialHeapSize                          = 125829120                                 {product} {ergonomic}
   size_t MarkStackSize                            = 4194304                                   {product} {ergonomic}
   size_t MaxHeapSize                              = 2004877312                                {product} {ergonomic}
   size_t MaxNewSize                               = 1202716672                                {product} {ergonomic}
   size_t MinHeapDeltaBytes                        = 1048576                                   {product} {ergonomic}
   size_t MinHeapSize                              = 8388608                                   {product} {ergonomic}
    uintx NonNMethodCodeHeapSize                   = 5832780                                {pd product} {ergonomic}
    uintx NonProfiledCodeHeapSize                  = 122912730                              {pd product} {ergonomic}
    uintx ProfiledCodeHeapSize                     = 122912730                              {pd product} {ergonomic}
    uintx ReservedCodeCacheSize                    = 251658240                              {pd product} {ergonomic}
     bool SegmentedCodeCache                       = true                                      {product} {ergonomic}
     bool ShowCodeDetailsInExceptionMessages       = true                                   {manageable} {command line}
   size_t SoftMaxHeapSize                          = 2004877312                             {manageable} {ergonomic}
     bool UseCompressedClassPointers               = true                           {product lp64_product} {ergonomic}
     bool UseCompressedOops                        = true                           {product lp64_product} {ergonomic}
     bool UseG1GC                                  = true                                      {product} {ergonomic}
     bool UseLargePagesIndividualAllocation        = false                                  {pd product} {ergonomic}

Logging:
Log output configuration:
 #0: stdout all=warning uptime,level,tags
 #1: stderr all=off uptime,level,tags

Environment Variables:
PATH=C:/Program Files/Java/jdk-16.0.2/bin/server;C:/Program Files/Java/jdk-16.0.2/bin;C:\Python39\Scripts\;C:\Python39\;C:\Program Files\Common Files\Oracle\Java\javapath;C:\Program Files (x86)\Common Files\Oracle\Java\javapath;C:\WATCOM\BINNT;C:\WATCOM\BINW;c:\Program Files (x86)\Common Files\Intel\Shared Libraries\redist\intel64_win\compiler;C:\WINDOWS\system32;C:\WINDOWS;C:\WINDOWS\System32\Wbem;C:\WINDOWS\System32\WindowsPowerShell\v1.0\;C:\WINDOWS\System32\OpenSSH\;C:\Users\admin\AppData\Local\Microsoft\WindowsApps;C:\Users\admin\AppData\Roaming\npm;C:\Program Files\Git\cmd;C:\Users\admin\AppData\Local\bin;C:\WINDOWS\system32;C:\WINDOWS;C:\WINDOWS\System32\Wbem;C:\WINDOWS\System32\WindowsPowerShell\v1.0\;C:\WINDOWS\System32\OpenSSH\;C:\Program Files\nodejs\;C:\ProgramData\chocolatey\bin;C:\Program Files\Java\jdk-17\bin;C:\Users\admin\AppData\Local\Programs\Python\Python38-32\Scripts\;C:\Users\admin\AppData\Local\Programs\Python\Python38-32\;C:\Program Files (x86)\Common Files\Intel\Shared Libraries\redist\intel64_win\compiler;C:\Users\admin\AppData\Local\Microsoft\WindowsApps;C:\Program Files (x86)\v;C:\Users\admin\AppData\Local\Keybase\;C:\Users\admin\AppData\Roaming\npm;C:\Users\admin\AppData\Local\GitHubDesktop\bin;C:\Program Files\Java\jdk-17\bin;;C:\WINDOWS\system32;
USERNAME=admin
OS=Windows_NT
PROCESSOR_IDENTIFIER=AMD64 Family 21 Model 101 Stepping 1, AuthenticAMD



---------------  S Y S T E M  ---------------

OS:
 Windows 10 , 64 bit Build 19041 (10.0.19041.1202)
OS uptime: 2 days 0:10 hours

CPU: total 4 (initial active 4) (4 cores per cpu, 1 threads per core) family 21 model 101 stepping 1 microcode 0x0, cx8, cmov, fxsr, mmx, 3dnowpref, sse, sse2, sse3, ssse3, sse4a, sse4.1, sse4.2, popcnt, lzcnt, tsc, tscinvbit, avx, avx2, aes, clmul, bmi1, bmi2, fma, vzeroupper, clflush

Memory: 4k page, system-wide physical 7647M (2101M free)
TotalPageFile size 16351M (AvailPageFile size 6932M)
current process WorkingSet (physical memory assigned to process): 95M, peak: 95M
current process commit charge ("private bytes"): 286M, peak: 286M

vm_info: Java HotSpot(TM) 64-Bit Server VM (16.0.2+7-67) for windows-amd64 JRE (16.0.2+7-67), built on Jun  8 2021 23:24:19 by "mach5one" with MS VC++ 16.7 (VS2019)

END.
